# JRE version: Java(TM) SE Runtime Environment (11.0.2+9) (build 11.0.2+9-LTS)
# Java VM: Java HotSpot(TM) 64-Bit Server VM (11.0.2+9-LTS, mixed mode, tiered, compressed oops, g1 gc, windows-amd64)
Heap:
 garbage-first heap   total 157696K, used 14059K [0x0000000081c00000, 0x0000000100000000)
  region size 1024K, 5 young (5120K), 5 survivors (5120K)
 Metaspace       used 34813K, capacity 35787K, committed 35840K, reserved 1081344K
  class space    used 4317K, capacity 4720K, committed 4736K, reserved 1048576K
GC Heap History (9 events):
Event: 0.815 GC heap before
{Heap before GC invocations=0 (full 0):
 garbage-first heap   total 131072K, used 24576K [0x0000000081c00000, 0x0000000100000000)
  region size 1024K, 24 young (24576K), 0 survivors (0K)
 Metaspace       used 11025K, capacity 11348K, committed 11520K, reserved 1058816K
  class space    used 1143K, capacity 1279K, committed 1280K, reserved 1048576K
}
Event: 0.821 GC heap after
{Heap after GC invocations=1 (full 0):
 garbage-first heap   total 131072K, used 6876K [0x0000000081c00000, 0x0000000100000000)
  region size 1024K, 3 young (3072K), 3 survivors (3072K)
 Metaspace       used 11025K, capacity 11348K, committed 11520K, reserved 1058816K
  class space    used 1143K, capacity 1279K, committed 1280K, reserved 1048576K
}
Event: 1.575 GC heap before
{Heap before GC invocations=1 (full 0):
 garbage-first heap   total 131072K, used 58076K [0x0000000081c00000, 0x0000000100000000)
  region size 1024K, 54 young (55296K), 3 survivors (3072K)
 Metaspace       used 20517K, capacity 21106K, committed 21248K, reserved 1069056K
  class space    used 2232K, capacity 2470K, committed 2560K, reserved 1048576K
}
Event: 1.583 GC heap after
{Heap after GC invocations=2 (full 0):
 garbage-first heap   total 131072K, used 9142K [0x0000000081c00000, 0x0000000100000000)
  region size 1024K, 6 young (6144K), 6 survivors (6144K)
 Metaspace       used 20517K, capacity 21106K, committed 21248K, reserved 1069056K
  class space    used 2232K, capacity 2470K, committed 2560K, reserved 1048576K
}
Event: 2.020 GC heap before
{Heap before GC invocations=3 (full 0):
 garbage-first heap   total 131072K, used 36790K [0x0000000081c00000, 0x0000000100000000)
  region size 1024K, 33 young (33792K), 6 survivors (6144K)
 Metaspace       used 26036K, capacity 26815K, committed 26880K, reserved 1073152K
  class space    used 2988K, capacity 3263K, committed 3328K, reserved 1048576K
}
Event: 2.028 GC heap after
{Heap after GC invocations=4 (full 0):
 garbage-first heap   total 131072K, used 11117K [0x0000000081c00000, 0x0000000100000000)
  region size 1024K, 4 young (4096K), 4 survivors (4096K)
 Metaspace       used 26036K, capacity 26815K, committed 26880K, reserved 1073152K
  class space    used 2988K, capacity 3263K, committed 3328K, reserved 1048576K
}
Event: 3.100 GC heap before
{Heap before GC invocations=4 (full 0):
 garbage-first heap   total 131072K, used 72557K [0x0000000081c00000, 0x0000000100000000)
  region size 1024K, 64 young (65536K), 4 survivors (4096K)
 Metaspace       used 33376K, capacity 34440K, committed 34688K, reserved 1079296K
  class space    used 4052K, capacity 4463K, committed 4480K, reserved 1048576K
}
Event: 3.112 GC heap after
{Heap after GC invocations=5 (full 0):
 garbage-first heap   total 131072K, used 13707K [0x0000000081c00000, 0x0000000100000000)
  region size 1024K, 7 young (7168K), 7 survivors (7168K)
 Metaspace       used 33376K, capacity 34440K, committed 34688K, reserved 1079296K
  class space    used 4052K, capacity 4463K, committed 4480K, reserved 1048576K
}
Event: 3.257 GC heap before
{Heap before GC invocations=5 (full 0):
 garbage-first heap   total 131072K, used 22923K [0x0000000081c00000, 0x0000000100000000)
  region size 1024K, 17 young (17408K), 7 survivors (7168K)
 Metaspace       used 34813K, capacity 35787K, committed 35840K, reserved 1081344K
  class space    used 4317K, capacity 4720K, committed 4736K, reserved 1048576K
}

