# JRE version: Java(TM) SE Runtime Environment (11.0.2+9) (build 11.0.2+9-LTS)
# Java VM: Java HotSpot(TM) 64-Bit Server VM (11.0.2+9-LTS, mixed mode, tiered, compressed oops, g1 gc, windows-amd64)
Heap:
 garbage-first heap   total 157696K, used 13525K [0x0000000081c00000, 0x0000000100000000)
  region size 1024K, 5 young (5120K), 5 survivors (5120K)
 Metaspace       used 34794K, capacity 35787K, committed 35840K, reserved 1081344K
  class space    used 4314K, capacity 4720K, committed 4736K, reserved 1048576K
GC Heap History (9 events):
Event: 0.850 GC heap before
{Heap before GC invocations=0 (full 0):
 garbage-first heap   total 131072K, used 24576K [0x0000000081c00000, 0x0000000100000000)
  region size 1024K, 24 young (24576K), 0 survivors (0K)
 Metaspace       used 11025K, capacity 11348K, committed 11520K, reserved 1058816K
  class space    used 1143K, capacity 1279K, committed 1280K, reserved 1048576K
}
Event: 0.857 GC heap after
{Heap after GC invocations=1 (full 0):
 garbage-first heap   total 131072K, used 7109K [0x0000000081c00000, 0x0000000100000000)
  region size 1024K, 3 young (3072K), 3 survivors (3072K)
 Metaspace       used 11025K, capacity 11348K, committed 11520K, reserved 1058816K
  class space    used 1143K, capacity 1279K, committed 1280K, reserved 1048576K
}
Event: 1.646 GC heap before
{Heap before GC invocations=1 (full 0):
 garbage-first heap   total 131072K, used 59333K [0x0000000081c00000, 0x0000000100000000)
  region size 1024K, 55 young (56320K), 3 survivors (3072K)
 Metaspace       used 20520K, capacity 21105K, committed 21248K, reserved 1069056K
  class space    used 2231K, capacity 2470K, committed 2560K, reserved 1048576K
}
Event: 1.656 GC heap after
{Heap after GC invocations=2 (full 0):
 garbage-first heap   total 131072K, used 9261K [0x0000000081c00000, 0x0000000100000000)
  region size 1024K, 6 young (6144K), 6 survivors (6144K)
 Metaspace       used 20520K, capacity 21105K, committed 21248K, reserved 1069056K
  class space    used 2231K, capacity 2470K, committed 2560K, reserved 1048576K
}
Event: 2.022 GC heap before
{Heap before GC invocations=3 (full 0):
 garbage-first heap   total 131072K, used 29741K [0x0000000081c00000, 0x0000000100000000)
  region size 1024K, 26 young (26624K), 6 survivors (6144K)
 Metaspace       used 25072K, capacity 25806K, committed 25984K, reserved 1073152K
  class space    used 2844K, capacity 3143K, committed 3200K, reserved 1048576K
}
Event: 2.029 GC heap after
{Heap after GC invocations=4 (full 0):
 garbage-first heap   total 131072K, used 10691K [0x0000000081c00000, 0x0000000100000000)
  region size 1024K, 2 young (2048K), 2 survivors (2048K)
 Metaspace       used 25072K, capacity 25806K, committed 25984K, reserved 1073152K
  class space    used 2844K, capacity 3143K, committed 3200K, reserved 1048576K
}
Event: 3.085 GC heap before
{Heap before GC invocations=4 (full 0):
 garbage-first heap   total 131072K, used 74179K [0x0000000081c00000, 0x0000000100000000)
  region size 1024K, 64 young (65536K), 2 survivors (2048K)
 Metaspace       used 32736K, capacity 33753K, committed 33920K, reserved 1079296K
  class space    used 3974K, capacity 4363K, committed 4480K, reserved 1048576K
}
Event: 3.092 GC heap after
{Heap after GC invocations=5 (full 0):
 garbage-first heap   total 131072K, used 13171K [0x0000000081c00000, 0x0000000100000000)
  region size 1024K, 4 young (4096K), 4 survivors (4096K)
 Metaspace       used 32736K, capacity 33753K, committed 33920K, reserved 1079296K
  class space    used 3974K, capacity 4363K, committed 4480K, reserved 1048576K
}
Event: 3.297 GC heap before
{Heap before GC invocations=5 (full 0):
 garbage-first heap   total 131072K, used 28531K [0x0000000081c00000, 0x0000000100000000)
  region size 1024K, 20 young (20480K), 4 survivors (4096K)
 Metaspace       used 34794K, capacity 35787K, committed 35840K, reserved 1081344K
  class space    used 4314K, capacity 4720K, committed 4736K, reserved 1048576K
}

