# JRE version: Java(TM) SE Runtime Environment (11.0.2+9) (build 11.0.2+9-LTS)
# Java VM: Java HotSpot(TM) 64-Bit Server VM (11.0.2+9-LTS, mixed mode, tiered, compressed oops, g1 gc, windows-amd64)
Heap:
 garbage-first heap   total 131072K, used 41940K [0x0000000081c00000, 0x0000000100000000)
  region size 1024K, 36 young (36864K), 5 survivors (5120K)
 Metaspace       used 31383K, capacity 32373K, committed 32640K, reserved 1077248K
  class space    used 3794K, capacity 4185K, committed 4224K, reserved 1048576K
GC Heap History (6 events):
Event: 0.930 GC heap before
{Heap before GC invocations=0 (full 0):
 garbage-first heap   total 131072K, used 24576K [0x0000000081c00000, 0x0000000100000000)
  region size 1024K, 24 young (24576K), 0 survivors (0K)
 Metaspace       used 10947K, capacity 11326K, committed 11520K, reserved 1058816K
  class space    used 1129K, capacity 1271K, committed 1280K, reserved 1048576K
}
Event: 0.936 GC heap after
{Heap after GC invocations=1 (full 0):
 garbage-first heap   total 131072K, used 7019K [0x0000000081c00000, 0x0000000100000000)
  region size 1024K, 3 young (3072K), 3 survivors (3072K)
 Metaspace       used 10947K, capacity 11326K, committed 11520K, reserved 1058816K
  class space    used 1129K, capacity 1271K, committed 1280K, reserved 1048576K
}
Event: 1.785 GC heap before
{Heap before GC invocations=1 (full 0):
 garbage-first heap   total 131072K, used 58219K [0x0000000081c00000, 0x0000000100000000)
  region size 1024K, 54 young (55296K), 3 survivors (3072K)
 Metaspace       used 20519K, capacity 21105K, committed 21248K, reserved 1069056K
  class space    used 2231K, capacity 2470K, committed 2560K, reserved 1048576K
}
Event: 1.793 GC heap after
{Heap after GC invocations=2 (full 0):
 garbage-first heap   total 131072K, used 9214K [0x0000000081c00000, 0x0000000100000000)
  region size 1024K, 6 young (6144K), 6 survivors (6144K)
 Metaspace       used 20519K, capacity 21105K, committed 21248K, reserved 1069056K
  class space    used 2231K, capacity 2470K, committed 2560K, reserved 1048576K
}
Event: 2.508 GC heap before
{Heap before GC invocations=3 (full 0):
 garbage-first heap   total 131072K, used 50174K [0x0000000081c00000, 0x0000000100000000)
  region size 1024K, 47 young (48128K), 6 survivors (6144K)
 Metaspace       used 27942K, capacity 28812K, committed 29056K, reserved 1075200K
  class space    used 3295K, capacity 3606K, committed 3712K, reserved 1048576K
}
Event: 2.518 GC heap after
{Heap after GC invocations=4 (full 0):
 garbage-first heap   total 131072K, used 11220K [0x0000000081c00000, 0x0000000100000000)
  region size 1024K, 5 young (5120K), 5 survivors (5120K)
 Metaspace       used 27942K, capacity 28812K, committed 29056K, reserved 1075200K
  class space    used 3295K, capacity 3606K, committed 3712K, reserved 1048576K
}

