# JRE version: Java(TM) SE Runtime Environment (11.0.2+9) (build 11.0.2+9-LTS)
# Java VM: Java HotSpot(TM) 64-Bit Server VM (11.0.2+9-LTS, mixed mode, tiered, compressed oops, g1 gc, windows-amd64)
Heap:
 garbage-first heap   total 131072K, used 50318K [0x0000000081c00000, 0x0000000100000000)
  region size 1024K, 44 young (45056K), 7 survivors (7168K)
 Metaspace       used 38546K, capacity 39693K, committed 39808K, reserved 1083392K
  class space    used 5000K, capacity 5442K, committed 5504K, reserved 1048576K
GC Heap History (8 events):
Event: 1.013 GC heap before
{Heap before GC invocations=0 (full 0):
 garbage-first heap   total 131072K, used 24576K [0x0000000081c00000, 0x0000000100000000)
  region size 1024K, 24 young (24576K), 0 survivors (0K)
 Metaspace       used 10880K, capacity 11238K, committed 11264K, reserved 1058816K
  class space    used 1112K, capacity 1264K, committed 1280K, reserved 1048576K
}
Event: 1.019 GC heap after
{Heap after GC invocations=1 (full 0):
 garbage-first heap   total 131072K, used 7086K [0x0000000081c00000, 0x0000000100000000)
  region size 1024K, 3 young (3072K), 3 survivors (3072K)
 Metaspace       used 10880K, capacity 11238K, committed 11264K, reserved 1058816K
  class space    used 1112K, capacity 1264K, committed 1280K, reserved 1048576K
}
Event: 1.804 GC heap before
{Heap before GC invocations=1 (full 0):
 garbage-first heap   total 131072K, used 59310K [0x0000000081c00000, 0x0000000100000000)
  region size 1024K, 55 young (56320K), 3 survivors (3072K)
 Metaspace       used 20520K, capacity 21108K, committed 21248K, reserved 1069056K
  class space    used 2231K, capacity 2470K, committed 2560K, reserved 1048576K
}
Event: 1.811 GC heap after
{Heap after GC invocations=2 (full 0):
 garbage-first heap   total 131072K, used 9223K [0x0000000081c00000, 0x0000000100000000)
  region size 1024K, 6 young (6144K), 6 survivors (6144K)
 Metaspace       used 20520K, capacity 21108K, committed 21248K, reserved 1069056K
  class space    used 2231K, capacity 2470K, committed 2560K, reserved 1048576K
}
Event: 2.512 GC heap before
{Heap before GC invocations=3 (full 0):
 garbage-first heap   total 131072K, used 50183K [0x0000000081c00000, 0x0000000100000000)
  region size 1024K, 47 young (48128K), 6 survivors (6144K)
 Metaspace       used 27950K, capacity 28812K, committed 29056K, reserved 1075200K
  class space    used 3295K, capacity 3606K, committed 3712K, reserved 1048576K
}
Event: 2.526 GC heap after
{Heap after GC invocations=4 (full 0):
 garbage-first heap   total 131072K, used 11428K [0x0000000081c00000, 0x0000000100000000)
  region size 1024K, 5 young (5120K), 5 survivors (5120K)
 Metaspace       used 27950K, capacity 28812K, committed 29056K, reserved 1075200K
  class space    used 3295K, capacity 3606K, committed 3712K, reserved 1048576K
}
Event: 3.511 GC heap before
{Heap before GC invocations=4 (full 0):
 garbage-first heap   total 131072K, used 67748K [0x0000000081c00000, 0x0000000100000000)
  region size 1024K, 61 young (62464K), 5 survivors (5120K)
 Metaspace       used 34807K, capacity 35786K, committed 35840K, reserved 1081344K
  class space    used 4317K, capacity 4720K, committed 4736K, reserved 1048576K
}
Event: 3.525 GC heap after
{Heap after GC invocations=5 (full 0):
 garbage-first heap   total 131072K, used 13454K [0x0000000081c00000, 0x0000000100000000)
  region size 1024K, 7 young (7168K), 7 survivors (7168K)
 Metaspace       used 34807K, capacity 35786K, committed 35840K, reserved 1081344K
  class space    used 4317K, capacity 4720K, committed 4736K, reserved 1048576K
}

